[INFO] 14:04:47:341 Consola/(7647:7647): antes de conexion
[INFO] 14:04:47:342 Consola/(7647:7647): despues de conexion
[INFO] 14:33:44:389 Consola/(8156:8156): El puerto es 4444
[INFO] 14:33:44:392 Consola/(8156:8156): 
[INFO] 14:33:44:392 Consola/(8156:8156): despues de conexion
[INFO] 14:35:40:701 Consola/(8308:8308): El puerto es 4444
[INFO] 14:35:40:708 Consola/(8308:8308): 
[INFO] 14:35:40:708 Consola/(8308:8308): despues de conexion
[INFO] 14:40:38:094 Consola/(8476:8476): El puerto es 4444
[INFO] 14:40:38:094 Consola/(8476:8476): 
[INFO] 14:40:38:096 Consola/(8476:8476): despues de conexion
[INFO] 14:41:03:430 Consola/(8495:8495): El puerto es 4444
[INFO] 14:41:03:432 Consola/(8495:8495): 
[INFO] 14:41:03:433 Consola/(8495:8495): despues de conexion
[INFO] 14:41:28:958 Consola/(8511:8511): El puerto es 4444
[INFO] 14:41:28:958 Consola/(8511:8511): 
[INFO] 14:41:28:959 Consola/(8511:8511): despues de conexion
[INFO] 14:41:45:913 Consola/(8527:8527): El puerto es 4444
[INFO] 14:41:45:921 Consola/(8527:8527): 
[INFO] 14:41:45:924 Consola/(8527:8527): despues de conexion
[INFO] 14:42:15:253 Consola/(8546:8546): El puerto es 4444
[INFO] 14:42:15:254 Consola/(8546:8546): 
[INFO] 14:42:15:254 Consola/(8546:8546): despues de conexion
[INFO] 14:47:41:816 Consola/(8751:8751): El puerto es 4444
[INFO] 14:47:41:816 Consola/(8751:8751): 
[INFO] 14:47:41:817 Consola/(8751:8751): despues de conexion
[INFO] 14:53:56:544 Consola/(9039:9039): El puerto es 4444
[INFO] 14:53:56:549 Consola/(9039:9039): 
[INFO] 14:53:56:549 Consola/(9039:9039): despues de conexion
[INFO] 14:58:11:907 Consola/(9181:9181): El puerto es 4444
[INFO] 14:58:11:908 Consola/(9181:9181): 
[INFO] 14:58:11:908 Consola/(9181:9181): despues de conexion
[INFO] 01:34:00:870 Consola/(5052:5052): El puerto es 4444
[INFO] 01:34:00:876 Consola/(5052:5052): 
[INFO] 01:34:00:877 Consola/(5052:5052): despues de conexion
[INFO] 01:34:44:234 Consola/(5100:5100): El puerto es 4444
[INFO] 01:34:44:236 Consola/(5100:5100): 
[INFO] 01:34:44:237 Consola/(5100:5100): despues de conexion
[INFO] 01:36:39:393 Consola/(5306:5306): El puerto es 4444
[INFO] 01:36:39:405 Consola/(5306:5306): 
[INFO] 01:36:39:405 Consola/(5306:5306): despues de conexion
[INFO] 01:36:41:227 Consola/(5317:5317): El puerto es 4444
[INFO] 01:36:41:233 Consola/(5317:5317): 
[INFO] 01:36:41:233 Consola/(5317:5317): despues de conexion
[INFO] 01:37:07:385 Consola/(5333:5333): El puerto es 4444
[INFO] 01:37:07:392 Consola/(5333:5333): 
[INFO] 01:37:07:394 Consola/(5333:5333): despues de conexion
[INFO] 01:37:58:514 Consola/(5360:5360): El puerto es 4444
[INFO] 01:37:58:522 Consola/(5360:5360): 
[INFO] 01:37:58:522 Consola/(5360:5360): despues de conexion
[INFO] 01:39:47:748 Consola/(5433:5433): El puerto es 4444
[INFO] 01:39:47:757 Consola/(5433:5433): El ip es 127.0.0.1
[INFO] 01:39:47:757 Consola/(5433:5433): 
[INFO] 01:39:47:757 Consola/(5433:5433): despues de conexion
[INFO] 01:40:06:838 Consola/(5450:5450): El puerto es 4444
[INFO] 01:40:06:845 Consola/(5450:5450): El ip es 127.0.0.1
[INFO] 01:40:06:847 Consola/(5450:5450): 
[INFO] 01:40:06:849 Consola/(5450:5450): despues de conexion
[INFO] 01:41:23:332 Consola/(5533:5533): Ingrese sus mensajes: 
[INFO] 01:43:15:032 Consola/(5610:5610): Ingrese sus mensajes: 
[INFO] 01:47:23:789 Consola/(5910:5910): Ingrese sus mensajes: 
[INFO] 01:55:33:155 Consola/(6327:6327): Ingrese sus mensajes: 
[INFO] 02:04:17:592 Consola/(6787:6787): Ingrese sus mensajes: 
