[INFO] 03:39:54:967 FileSystem/(2943:2944): Ingrese sus mensajes para la Memoria: 
[INFO] 03:39:58:880 FileSystem/(2943:2944): Me llego el mensaje Hola fs, gracias por comunicarte con la memoria!
[INFO] 03:39:58:881 FileSystem/(2943:2945): FileSystem listo para recibir a kernel
[INFO] 03:40:19:663 FileSystem/(2943:2945): Se conecto un cliente!
[INFO] 03:40:22:246 FileSystem/(2943:2945): Me llegaron los siguientes valores:

[INFO] 03:40:22:246 FileSystem/(2943:2945): hola
[ERROR] 03:40:22:247 FileSystem/(2943:2945): 
el cliente se desconecto. Terminando servidor
[INFO] 03:45:35:389 FileSystem/(3041:3042): Ingrese sus mensajes para la Memoria: 
[INFO] 03:45:50:122 FileSystem/(3041:3042): Me llego el mensaje Hola fs, gracias por comunicarte con la memoria!
[INFO] 03:45:50:123 FileSystem/(3041:3043): FileSystem listo para recibir a kernel
[INFO] 03:45:57:999 FileSystem/(3041:3043): Se conecto un cliente!
[INFO] 03:46:01:615 FileSystem/(3041:3043): Me llegaron los siguientes valores:

[INFO] 03:46:01:615 FileSystem/(3041:3043): holA
[ERROR] 03:46:01:615 FileSystem/(3041:3043): 
el cliente se desconecto. Terminando servidor
[INFO] 03:47:01:086 FileSystem/(3056:3057): Ingrese sus mensajes para la Memoria: 
[INFO] 03:47:03:636 FileSystem/(3056:3057): Me llego el mensaje Hola fs, gracias por comunicarte con la memoria!
[INFO] 03:47:03:636 FileSystem/(3056:3058): FileSystem listo para recibir a kernel
[INFO] 03:47:19:310 FileSystem/(3056:3058): Se conecto un cliente!
[INFO] 03:47:21:611 FileSystem/(3056:3058): Me llegaron los siguientes valores:

[INFO] 03:47:21:611 FileSystem/(3056:3058): hola
[ERROR] 03:47:21:611 FileSystem/(3056:3058): 
el cliente se desconecto. Terminando servidor
[INFO] 03:48:14:160 FileSystem/(3104:3105): Ingrese sus mensajes para la Memoria: 
[INFO] 03:48:16:246 FileSystem/(3104:3105): Me llego el mensaje Hola fs, gracias por comunicarte con la memoria!
[INFO] 03:48:16:246 FileSystem/(3104:3106): FileSystem listo para recibir a kernel
[INFO] 03:48:24:194 FileSystem/(3104:3106): Se conecto un cliente!
[INFO] 03:48:26:509 FileSystem/(3104:3106): Me llegaron los siguientes valores:

[INFO] 03:48:26:509 FileSystem/(3104:3106): hola
[ERROR] 03:48:26:509 FileSystem/(3104:3106): 
el cliente se desconecto. Terminando servidor
[INFO] 03:52:05:452 FileSystem/(3196:3197): Ingrese sus mensajes para la Memoria: 
[INFO] 03:52:07:052 FileSystem/(3196:3197): Me llego el mensaje Hola fs, gracias por comunicarte con la memoria!
[INFO] 03:52:07:052 FileSystem/(3196:3198): FileSystem listo para recibir a kernel
[INFO] 03:52:15:871 FileSystem/(3196:3198): Se conecto un cliente!
[INFO] 03:52:17:421 FileSystem/(3196:3198): Me llegaron los siguientes valores:

[INFO] 03:52:17:421 FileSystem/(3196:3198): g
[ERROR] 03:52:17:421 FileSystem/(3196:3198): 
el cliente se desconecto. Terminando servidor
[INFO] 03:53:39:587 FileSystem/(3300:3301): Ingrese sus mensajes para la Memoria: 
[INFO] 03:53:41:175 FileSystem/(3300:3301): Me llego el mensaje Hola fs, gracias por comunicarte con la memoria!
[INFO] 03:53:41:175 FileSystem/(3300:3302): FileSystem listo para recibir a kernel
[INFO] 03:53:48:710 FileSystem/(3300:3302): Se conecto un cliente!
[INFO] 03:53:49:639 FileSystem/(3300:3302): Me llegaron los siguientes valores:

[INFO] 03:53:49:640 FileSystem/(3300:3302): s
[ERROR] 03:53:49:640 FileSystem/(3300:3302): 
el cliente se desconecto. Terminando servidor
[INFO] 03:54:41:709 FileSystem/(3365:3366): Ingrese sus mensajes para la Memoria: 
[INFO] 03:54:42:784 FileSystem/(3365:3366): Me llego el mensaje Hola fs, gracias por comunicarte con la memoria!
[INFO] 03:54:42:785 FileSystem/(3365:3367): FileSystem listo para recibir a kernel
[INFO] 03:54:49:968 FileSystem/(3365:3367): Se conecto un cliente!
[INFO] 03:54:51:103 FileSystem/(3365:3367): Me llegaron los siguientes valores:

[INFO] 03:54:51:104 FileSystem/(3365:3367): s
[ERROR] 03:54:51:104 FileSystem/(3365:3367): 
el cliente se desconecto. Terminando servidor
[INFO] 03:55:39:627 FileSystem/(3424:3425): Ingrese sus mensajes para la Memoria: 
[INFO] 03:55:40:832 FileSystem/(3424:3425): Me llego el mensaje Hola fs, gracias por comunicarte con la memoria!
[INFO] 03:55:40:832 FileSystem/(3424:3426): FileSystem listo para recibir a kernel
[INFO] 03:55:48:934 FileSystem/(3424:3426): Se conecto un cliente!
[INFO] 03:55:50:171 FileSystem/(3424:3426): Me llegaron los siguientes valores:

[INFO] 03:55:50:171 FileSystem/(3424:3426): s
[ERROR] 03:55:50:172 FileSystem/(3424:3426): 
el cliente se desconecto. Terminando servidor
[INFO] 03:58:20:272 FileSystem/(3488:3489): Ingrese sus mensajes para la Memoria: 
[INFO] 03:58:21:740 FileSystem/(3488:3489): Me llego el mensaje Hola fs, gracias por comunicarte con la memoria!
[INFO] 03:58:21:740 FileSystem/(3488:3490): FileSystem listo para recibir a kernel
[INFO] 03:58:30:201 FileSystem/(3488:3490): Se conecto un cliente!
[INFO] 03:58:30:923 FileSystem/(3488:3490): Me llegaron los siguientes valores:

[INFO] 03:58:30:923 FileSystem/(3488:3490): a
[ERROR] 03:58:30:924 FileSystem/(3488:3490): 
el cliente se desconecto. Terminando servidor
[INFO] 15:57:45:687 FileSystem/(2895:2896): Ingrese sus mensajes para la Memoria: 
[INFO] 15:57:48:056 FileSystem/(2895:2896): Me llego el mensaje Hola fs, gracias por comunicarte con la memoria!
[INFO] 15:57:48:057 FileSystem/(2895:2897): FileSystem listo para recibir a kernel
[INFO] 15:58:02:062 FileSystem/(2895:2897): Se conecto un cliente!
[INFO] 15:58:04:413 FileSystem/(2895:2897): Me llegaron los siguientes valores:

[INFO] 15:58:04:413 FileSystem/(2895:2897): sdfs
[ERROR] 15:58:04:413 FileSystem/(2895:2897): 
el cliente se desconecto. Terminando servidor
[INFO] 16:00:39:069 FileSystem/(3008:3009): Ingrese sus mensajes para la Memoria: 
[INFO] 16:00:40:779 FileSystem/(3008:3009): Me llego el mensaje Hola fs, gracias por comunicarte con la memoria!
[INFO] 16:00:40:779 FileSystem/(3008:3010): FileSystem listo para recibir a kernel
[INFO] 16:00:45:583 FileSystem/(3008:3010): Se conecto un cliente!
[INFO] 16:00:46:569 FileSystem/(3008:3010): Me llegaron los siguientes valores:

[INFO] 16:00:46:570 FileSystem/(3008:3010): sfsd
[ERROR] 16:00:46:570 FileSystem/(3008:3010): 
el cliente se desconecto. Terminando servidor
[INFO] 21:52:51:670 FileSystem/(4698:4698): FileSystem listo para escuchar al cliente

[INFO] 21:52:51:671 FileSystem/(4698:4699): Ingrese sus mensajes para la Memoria: 
[INFO] 21:52:51:672 FileSystem/(4698:4700): FileSystem listo para recibir a kernel
[INFO] 21:53:12:922 FileSystem/(4698:4699): Me llego el mensaje Hola fs, gracias por comunicarte con la memoria!
[INFO] 21:53:14:938 FileSystem/(4698:4700): Se conecto un cliente!
[INFO] 21:53:16:775 FileSystem/(4698:4700): Me llegaron los siguientes valores:

[INFO] 21:53:16:775 FileSystem/(4698:4700): lñl
[ERROR] 21:53:16:775 FileSystem/(4698:4700): 
el cliente se desconecto. Terminando servidor
[INFO] 21:53:16:775 FileSystem/(4698:4735): FileSystem listo para recibir a kernel
[INFO] 21:57:06:697 FileSystem/(4698:4735): Se conecto un cliente!
[INFO] 21:57:09:590 FileSystem/(4698:4735): Me llegaron los siguientes valores:

[INFO] 21:57:09:590 FileSystem/(4698:4735): hola
[ERROR] 21:57:09:591 FileSystem/(4698:4735): 
el cliente se desconecto. Terminando servidor
[INFO] 21:57:09:591 FileSystem/(4698:6035): FileSystem listo para recibir a kernel
[INFO] 22:10:26:993 FileSystem/(4698:6035): Se conecto un cliente!
[INFO] 22:10:28:577 FileSystem/(4698:6035): Me llegaron los siguientes valores:

[INFO] 22:10:28:577 FileSystem/(4698:6035): hola
[ERROR] 22:10:28:578 FileSystem/(4698:6035): 
el cliente se desconecto. Terminando servidor
[INFO] 22:10:28:578 FileSystem/(4698:6620): FileSystem listo para recibir a kernel
[INFO] 22:13:54:262 FileSystem/(4698:6620): Se conecto un cliente!
[INFO] 22:13:56:204 FileSystem/(4698:6620): Me llegaron los siguientes valores:

[INFO] 22:13:56:204 FileSystem/(4698:6620): hola
[ERROR] 22:13:56:205 FileSystem/(4698:6620): 
el cliente se desconecto. Terminando servidor
[INFO] 22:13:56:205 FileSystem/(4698:6968): FileSystem listo para recibir a kernel
[INFO] 22:17:28:615 FileSystem/(4698:6968): Se conecto un cliente!
[INFO] 22:17:30:359 FileSystem/(4698:6968): Me llegaron los siguientes valores:

[INFO] 22:17:30:359 FileSystem/(4698:6968): hola
[ERROR] 22:17:30:360 FileSystem/(4698:6968): 
el cliente se desconecto. Terminando servidor
[INFO] 22:17:30:360 FileSystem/(4698:7465): FileSystem listo para recibir a kernel
[INFO] 22:25:21:782 FileSystem/(4698:7465): Se conecto un cliente!
[INFO] 22:25:24:685 FileSystem/(4698:7465): Me llegaron los siguientes valores:

[INFO] 22:25:24:685 FileSystem/(4698:7465): hola
[ERROR] 22:25:24:686 FileSystem/(4698:7465): 
el cliente se desconecto. Terminando servidor
[INFO] 22:25:24:693 FileSystem/(4698:7662): FileSystem listo para recibir a kernel
