[INFO] 23:52:36:525 Memoria/(8837:8837): Listo para escuchar al cliente
[INFO] 23:52:36:525 Memoria/(8837:8837): Memoria lista para recibir al cliente

[INFO] 01:50:17:324 Memoria/(15490:15490): Listo para escuchar al cliente
[INFO] 01:50:17:325 Memoria/(15490:15490): Memoria lista para recibir al cliente

[INFO] 03:35:47:619 Memoria/(2840:2840): Listo para escuchar al cliente
[INFO] 03:35:47:621 Memoria/(2840:2840): Memoria lista para recibir al cliente

[INFO] 03:39:54:967 Memoria/(2840:2841): Se conecto un cliente!
[INFO] 03:39:54:968 Memoria/(2840:2841): se conecto el filesystem
[INFO] 03:39:58:880 Memoria/(2840:2841): Me llegaron los siguientes valores:
[INFO] 03:39:58:880 Memoria/(2840:2841): hola
[ERROR] 03:39:58:881 Memoria/(2840:2841): 
el cliente se desconecto. Terminando servidor
[INFO] 03:40:09:728 Memoria/(2840:2946): Se conecto un cliente!
[INFO] 03:40:09:729 Memoria/(2840:2946): se conecto la cpu
[INFO] 03:40:14:430 Memoria/(2840:2946): Me llegaron los siguientes valores:
[INFO] 03:40:14:430 Memoria/(2840:2946): hola
[ERROR] 03:40:14:430 Memoria/(2840:2946): 
el cliente se desconecto. Terminando servidor
[INFO] 03:45:35:389 Memoria/(2840:2951): Se conecto un cliente!
[INFO] 03:45:35:391 Memoria/(2840:2951): se conecto el filesystem
[INFO] 03:45:50:122 Memoria/(2840:2951): Me llegaron los siguientes valores:
[INFO] 03:45:50:122 Memoria/(2840:2951): hola
[ERROR] 03:45:50:123 Memoria/(2840:2951): 
el cliente se desconecto. Terminando servidor
[INFO] 03:47:01:085 Memoria/(2840:3044): Se conecto un cliente!
[INFO] 03:47:01:085 Memoria/(2840:3044): se conecto el filesystem
[INFO] 03:47:03:636 Memoria/(2840:3044): Me llegaron los siguientes valores:
[INFO] 03:47:03:636 Memoria/(2840:3044): hola
[ERROR] 03:47:03:636 Memoria/(2840:3044): 
el cliente se desconecto. Terminando servidor
[INFO] 03:47:09:443 Memoria/(2840:3059): Se conecto un cliente!
[INFO] 03:47:09:444 Memoria/(2840:3059): se conecto la cpu
[INFO] 03:47:13:052 Memoria/(2840:3059): Me llegaron los siguientes valores:
[INFO] 03:47:13:052 Memoria/(2840:3059): hola
[ERROR] 03:47:13:052 Memoria/(2840:3059): 
el cliente se desconecto. Terminando servidor
[INFO] 03:48:14:160 Memoria/(2840:3064): Se conecto un cliente!
[INFO] 03:48:14:160 Memoria/(2840:3064): se conecto el filesystem
[INFO] 03:48:16:246 Memoria/(2840:3064): Me llegaron los siguientes valores:
[INFO] 03:48:16:246 Memoria/(2840:3064): hola
[ERROR] 03:48:16:246 Memoria/(2840:3064): 
el cliente se desconecto. Terminando servidor
[INFO] 03:48:19:243 Memoria/(2840:3107): Se conecto un cliente!
[INFO] 03:48:19:244 Memoria/(2840:3107): se conecto la cpu
[INFO] 03:48:20:630 Memoria/(2840:3107): Me llegaron los siguientes valores:
[INFO] 03:48:20:630 Memoria/(2840:3107): hola
[ERROR] 03:48:20:631 Memoria/(2840:3107): 
el cliente se desconecto. Terminando servidor
[INFO] 03:52:05:452 Memoria/(2840:3112): Se conecto un cliente!
[INFO] 03:52:05:452 Memoria/(2840:3112): se conecto el filesystem
[INFO] 03:52:07:052 Memoria/(2840:3112): Me llegaron los siguientes valores:
[INFO] 03:52:07:052 Memoria/(2840:3112): h
[ERROR] 03:52:07:052 Memoria/(2840:3112): 
el cliente se desconecto. Terminando servidor
[INFO] 03:52:11:064 Memoria/(2840:3199): Se conecto un cliente!
[INFO] 03:52:11:065 Memoria/(2840:3199): se conecto la cpu
[INFO] 03:52:12:042 Memoria/(2840:3199): Me llegaron los siguientes valores:
[INFO] 03:52:12:042 Memoria/(2840:3199): h
[ERROR] 03:52:12:042 Memoria/(2840:3199): 
el cliente se desconecto. Terminando servidor
[INFO] 03:53:39:586 Memoria/(2840:3204): Se conecto un cliente!
[INFO] 03:53:39:588 Memoria/(2840:3204): se conecto el filesystem
[INFO] 03:53:41:175 Memoria/(2840:3204): Me llegaron los siguientes valores:
[INFO] 03:53:41:175 Memoria/(2840:3204): f
[ERROR] 03:53:41:175 Memoria/(2840:3204): 
el cliente se desconecto. Terminando servidor
[INFO] 03:53:44:578 Memoria/(2840:3303): Se conecto un cliente!
[INFO] 03:53:44:580 Memoria/(2840:3303): se conecto la cpu
[INFO] 03:53:45:818 Memoria/(2840:3303): Me llegaron los siguientes valores:
[INFO] 03:53:45:818 Memoria/(2840:3303): d
[ERROR] 03:53:45:818 Memoria/(2840:3303): 
el cliente se desconecto. Terminando servidor
[INFO] 03:54:41:710 Memoria/(2840:3308): Se conecto un cliente!
[INFO] 03:54:41:711 Memoria/(2840:3308): se conecto el filesystem
[INFO] 03:54:42:784 Memoria/(2840:3308): Me llegaron los siguientes valores:
[INFO] 03:54:42:784 Memoria/(2840:3308): s
[ERROR] 03:54:42:785 Memoria/(2840:3308): 
el cliente se desconecto. Terminando servidor
[INFO] 03:54:46:137 Memoria/(2840:3368): Se conecto un cliente!
[INFO] 03:54:46:137 Memoria/(2840:3368): se conecto la cpu
[INFO] 03:54:47:123 Memoria/(2840:3368): Me llegaron los siguientes valores:
[INFO] 03:54:47:123 Memoria/(2840:3368): s
[ERROR] 03:54:47:123 Memoria/(2840:3368): 
el cliente se desconecto. Terminando servidor
[INFO] 03:55:39:627 Memoria/(2840:3373): Se conecto un cliente!
[INFO] 03:55:39:628 Memoria/(2840:3373): se conecto el filesystem
[INFO] 03:55:40:832 Memoria/(2840:3373): Me llegaron los siguientes valores:
[INFO] 03:55:40:832 Memoria/(2840:3373): s
[ERROR] 03:55:40:833 Memoria/(2840:3373): 
el cliente se desconecto. Terminando servidor
[INFO] 03:55:43:299 Memoria/(2840:3427): Se conecto un cliente!
[INFO] 03:55:43:300 Memoria/(2840:3427): se conecto la cpu
[INFO] 03:55:44:345 Memoria/(2840:3427): Me llegaron los siguientes valores:
[INFO] 03:55:44:345 Memoria/(2840:3427): s
[ERROR] 03:55:44:345 Memoria/(2840:3427): 
el cliente se desconecto. Terminando servidor
[INFO] 03:58:20:273 Memoria/(2840:3432): Se conecto un cliente!
[INFO] 03:58:20:274 Memoria/(2840:3432): se conecto el filesystem
[INFO] 03:58:21:739 Memoria/(2840:3432): Me llegaron los siguientes valores:
[INFO] 03:58:21:740 Memoria/(2840:3432): s
[ERROR] 03:58:21:741 Memoria/(2840:3432): 
el cliente se desconecto. Terminando servidor
[INFO] 03:58:24:728 Memoria/(2840:3491): Se conecto un cliente!
[INFO] 03:58:24:728 Memoria/(2840:3491): se conecto la cpu
[INFO] 03:58:25:934 Memoria/(2840:3491): Me llegaron los siguientes valores:
[INFO] 03:58:25:934 Memoria/(2840:3491): a
[ERROR] 03:58:25:935 Memoria/(2840:3491): 
el cliente se desconecto. Terminando servidor
[INFO] 15:57:39:481 Memoria/(2893:2893): Listo para escuchar al cliente
[INFO] 15:57:39:481 Memoria/(2893:2893): Memoria lista para recibir al cliente

[INFO] 15:57:45:682 Memoria/(2893:2894): Se conecto un cliente!
[INFO] 15:57:45:682 Memoria/(2893:2894): se conecto el filesystem
[INFO] 15:57:48:056 Memoria/(2893:2894): Me llegaron los siguientes valores:
[INFO] 15:57:48:056 Memoria/(2893:2894): sdfs
[ERROR] 15:57:48:057 Memoria/(2893:2894): 
el cliente se desconecto. Terminando servidor
[INFO] 15:57:56:279 Memoria/(2893:2898): Se conecto un cliente!
[INFO] 15:57:56:279 Memoria/(2893:2898): se conecto la cpu
[INFO] 15:57:57:985 Memoria/(2893:2898): Me llegaron los siguientes valores:
[INFO] 15:57:57:985 Memoria/(2893:2898): sfsdf
[ERROR] 15:57:57:985 Memoria/(2893:2898): 
el cliente se desconecto. Terminando servidor
[INFO] 16:00:39:069 Memoria/(2893:2902): Se conecto un cliente!
[INFO] 16:00:39:069 Memoria/(2893:2902): se conecto el filesystem
[INFO] 16:00:40:779 Memoria/(2893:2902): Me llegaron los siguientes valores:
[INFO] 16:00:40:779 Memoria/(2893:2902): sdfs
[ERROR] 16:00:40:779 Memoria/(2893:2902): 
el cliente se desconecto. Terminando servidor
[INFO] 16:00:43:273 Memoria/(2893:3011): Se conecto un cliente!
[INFO] 16:00:43:273 Memoria/(2893:3011): se conecto la cpu
[INFO] 16:00:43:980 Memoria/(2893:3011): Me llegaron los siguientes valores:
[INFO] 16:00:43:980 Memoria/(2893:3011): sfsd
[ERROR] 16:00:43:980 Memoria/(2893:3011): 
el cliente se desconecto. Terminando servidor
[INFO] 21:52:13:447 Memoria/(4631:4631): Listo para escuchar al cliente
[INFO] 21:52:13:448 Memoria/(4631:4631): Memoria lista para recibir al cliente

[INFO] 21:52:28:934 Memoria/(4631:4632): Se conecto un cliente!
[INFO] 21:52:28:934 Memoria/(4631:4632): se conecto la cpu
[INFO] 21:52:35:396 Memoria/(4631:4632): Me llegaron los siguientes valores:
[INFO] 21:52:35:396 Memoria/(4631:4632): hola
[ERROR] 21:52:35:396 Memoria/(4631:4632): 
el cliente se desconecto. Terminando servidor
[INFO] 21:52:51:670 Memoria/(4631:4666): Se conecto un cliente!
[INFO] 21:52:51:671 Memoria/(4631:4666): se conecto el filesystem
[INFO] 21:53:12:922 Memoria/(4631:4666): Me llegaron los siguientes valores:
[INFO] 21:53:12:922 Memoria/(4631:4666): hola
[ERROR] 21:53:12:922 Memoria/(4631:4666): 
el cliente se desconecto. Terminando servidor
[INFO] 21:56:52:477 Memoria/(4631:4730): Se conecto un cliente!
[INFO] 21:56:52:478 Memoria/(4631:4730): se conecto la cpu
[INFO] 21:56:55:443 Memoria/(4631:4730): Me llegaron los siguientes valores:
[INFO] 21:56:55:444 Memoria/(4631:4730): hola
[ERROR] 21:56:55:444 Memoria/(4631:4730): 
el cliente se desconecto. Terminando servidor
[INFO] 22:10:16:604 Memoria/(4631:6001): Se conecto un cliente!
[INFO] 22:10:16:604 Memoria/(4631:6001): se conecto la cpu
[INFO] 22:10:18:455 Memoria/(4631:6001): Me llegaron los siguientes valores:
[INFO] 22:10:18:455 Memoria/(4631:6001): hola
[ERROR] 22:10:18:455 Memoria/(4631:6001): 
el cliente se desconecto. Terminando servidor
[INFO] 03:45:40:805 Memoria/(11281:11281): Listo para escuchar al cliente
[INFO] 03:45:40:807 Memoria/(11281:11281): Memoria lista para recibir al cliente

[INFO] 03:46:04:523 Memoria/(11281:11282): Se conecto un cliente!
[INFO] 03:46:04:523 Memoria/(11281:11282): se conecto la cpu
[INFO] 03:46:06:407 Memoria/(11281:11282): Me llegaron los siguientes valores:
[INFO] 03:46:06:407 Memoria/(11281:11282): hola
[ERROR] 03:46:06:407 Memoria/(11281:11282): 
el cliente se desconecto. Terminando servidor
[INFO] 03:46:32:940 Memoria/(11281:11324): Se conecto un cliente!
[INFO] 03:46:32:940 Memoria/(11281:11324): se conecto el filesystem
[INFO] 03:46:34:526 Memoria/(11281:11324): Me llegaron los siguientes valores:
[INFO] 03:46:34:527 Memoria/(11281:11324): hola
[ERROR] 03:46:34:527 Memoria/(11281:11324): 
el cliente se desconecto. Terminando servidor
[INFO] 03:47:23:837 Memoria/(11281:11372): Se conecto un cliente!
[INFO] 03:47:23:837 Memoria/(11281:11372): se conecto la cpu
[INFO] 03:47:24:694 Memoria/(11281:11372): Me llegaron los siguientes valores:
[INFO] 03:47:24:694 Memoria/(11281:11372): sadas
[ERROR] 03:47:24:695 Memoria/(11281:11372): 
el cliente se desconecto. Terminando servidor
[INFO] 03:50:08:879 Memoria/(11281:11466): Se conecto un cliente!
[INFO] 03:50:08:880 Memoria/(11281:11466): se conecto la cpu
[INFO] 03:50:09:866 Memoria/(11281:11466): Me llegaron los siguientes valores:
[INFO] 03:50:09:866 Memoria/(11281:11466): asad
[ERROR] 03:50:09:867 Memoria/(11281:11466): 
el cliente se desconecto. Terminando servidor
[INFO] 03:50:57:221 Memoria/(11281:11719): Se conecto un cliente!
[INFO] 03:50:57:221 Memoria/(11281:11719): se conecto la cpu
[INFO] 03:50:58:646 Memoria/(11281:11719): Me llegaron los siguientes valores:
[INFO] 03:50:58:646 Memoria/(11281:11719): jj
[ERROR] 03:50:58:646 Memoria/(11281:11719): 
el cliente se desconecto. Terminando servidor
[INFO] 03:52:26:028 Memoria/(11281:11856): Se conecto un cliente!
[INFO] 03:52:26:028 Memoria/(11281:11856): se conecto la cpu
[INFO] 03:52:27:072 Memoria/(11281:11856): Me llegaron los siguientes valores:
[INFO] 03:52:27:072 Memoria/(11281:11856): hjhj
[ERROR] 03:52:27:072 Memoria/(11281:11856): 
el cliente se desconecto. Terminando servidor
[INFO] 03:54:16:287 Memoria/(11281:11937): Se conecto un cliente!
[INFO] 03:54:16:288 Memoria/(11281:11937): se conecto la cpu
[INFO] 03:54:17:544 Memoria/(11281:11937): Me llegaron los siguientes valores:
[INFO] 03:54:17:545 Memoria/(11281:11937): hjhjh
[ERROR] 03:54:17:545 Memoria/(11281:11937): 
el cliente se desconecto. Terminando servidor
[INFO] 03:55:54:753 Memoria/(11281:12057): Se conecto un cliente!
[INFO] 03:55:54:753 Memoria/(11281:12057): se conecto la cpu
[INFO] 03:55:56:048 Memoria/(11281:12057): Me llegaron los siguientes valores:
[INFO] 03:55:56:048 Memoria/(11281:12057): hjhjh
[ERROR] 03:55:56:048 Memoria/(11281:12057): 
el cliente se desconecto. Terminando servidor
[INFO] 03:56:31:827 Memoria/(11281:12140): Se conecto un cliente!
[INFO] 03:56:31:827 Memoria/(11281:12140): se conecto la cpu
[INFO] 03:56:33:277 Memoria/(11281:12140): Me llegaron los siguientes valores:
[INFO] 03:56:33:277 Memoria/(11281:12140): ghghg
[ERROR] 03:56:33:277 Memoria/(11281:12140): 
el cliente se desconecto. Terminando servidor
[INFO] 03:57:54:957 Memoria/(11281:12182): Se conecto un cliente!
[INFO] 03:57:54:957 Memoria/(11281:12182): se conecto la cpu
[INFO] 03:57:56:384 Memoria/(11281:12182): Me llegaron los siguientes valores:
[INFO] 03:57:56:384 Memoria/(11281:12182): hjhjh
[ERROR] 03:57:56:384 Memoria/(11281:12182): 
el cliente se desconecto. Terminando servidor
[INFO] 03:59:34:754 Memoria/(11281:12275): Se conecto un cliente!
[INFO] 03:59:34:755 Memoria/(11281:12275): se conecto la cpu
[INFO] 03:59:35:995 Memoria/(11281:12275): Me llegaron los siguientes valores:
[INFO] 03:59:35:995 Memoria/(11281:12275): HJHJH
[ERROR] 03:59:35:996 Memoria/(11281:12275): 
el cliente se desconecto. Terminando servidor
[INFO] 04:00:24:611 Memoria/(11281:12394): Se conecto un cliente!
[INFO] 04:00:24:612 Memoria/(11281:12394): se conecto la cpu
[INFO] 04:00:25:866 Memoria/(11281:12394): Me llegaron los siguientes valores:
[INFO] 04:00:25:867 Memoria/(11281:12394): ghghg
[ERROR] 04:00:25:867 Memoria/(11281:12394): 
el cliente se desconecto. Terminando servidor
[INFO] 04:01:29:057 Memoria/(11281:12453): Se conecto un cliente!
[INFO] 04:01:29:057 Memoria/(11281:12453): se conecto la cpu
[INFO] 04:01:30:185 Memoria/(11281:12453): Me llegaron los siguientes valores:
[INFO] 04:01:30:185 Memoria/(11281:12453): hjhj
[ERROR] 04:01:30:185 Memoria/(11281:12453): 
el cliente se desconecto. Terminando servidor
[INFO] 04:02:27:900 Memoria/(11281:12499): Se conecto un cliente!
[INFO] 04:02:27:900 Memoria/(11281:12499): se conecto la cpu
[INFO] 04:02:29:056 Memoria/(11281:12499): Me llegaron los siguientes valores:
[INFO] 04:02:29:056 Memoria/(11281:12499): hjhj
[ERROR] 04:02:29:056 Memoria/(11281:12499): 
el cliente se desconecto. Terminando servidor
[INFO] 04:03:15:457 Memoria/(11281:12578): Se conecto un cliente!
[INFO] 04:03:15:457 Memoria/(11281:12578): se conecto la cpu
[INFO] 04:03:16:500 Memoria/(11281:12578): Me llegaron los siguientes valores:
[INFO] 04:03:16:500 Memoria/(11281:12578): hjhj
[ERROR] 04:03:16:500 Memoria/(11281:12578): 
el cliente se desconecto. Terminando servidor
[INFO] 04:03:56:608 Memoria/(11281:12690): Se conecto un cliente!
[INFO] 04:03:56:608 Memoria/(11281:12690): se conecto la cpu
[INFO] 04:03:57:602 Memoria/(11281:12690): Me llegaron los siguientes valores:
[INFO] 04:03:57:602 Memoria/(11281:12690): hjhj
[ERROR] 04:03:57:602 Memoria/(11281:12690): 
el cliente se desconecto. Terminando servidor
[INFO] 04:05:10:801 Memoria/(11281:12768): Se conecto un cliente!
[INFO] 04:05:10:801 Memoria/(11281:12768): se conecto la cpu
[INFO] 04:05:12:565 Memoria/(11281:12768): Me llegaron los siguientes valores:
[INFO] 04:05:12:565 Memoria/(11281:12768): hjhjhj
[ERROR] 04:05:12:566 Memoria/(11281:12768): 
el cliente se desconecto. Terminando servidor
[INFO] 04:05:57:183 Memoria/(11281:12852): Se conecto un cliente!
[INFO] 04:05:57:183 Memoria/(11281:12852): se conecto la cpu
[INFO] 04:05:58:400 Memoria/(11281:12852): Me llegaron los siguientes valores:
[INFO] 04:05:58:400 Memoria/(11281:12852): hjhjh
[ERROR] 04:05:58:400 Memoria/(11281:12852): 
el cliente se desconecto. Terminando servidor
[INFO] 04:06:34:149 Memoria/(11281:12884): Se conecto un cliente!
[INFO] 04:06:34:150 Memoria/(11281:12884): se conecto la cpu
[INFO] 04:06:35:192 Memoria/(11281:12884): Me llegaron los siguientes valores:
[INFO] 04:06:35:192 Memoria/(11281:12884): hjhj
[ERROR] 04:06:35:192 Memoria/(11281:12884): 
el cliente se desconecto. Terminando servidor
[INFO] 04:06:56:979 Memoria/(11281:12927): Se conecto un cliente!
[INFO] 04:06:56:980 Memoria/(11281:12927): se conecto la cpu
[INFO] 04:06:58:240 Memoria/(11281:12927): Me llegaron los siguientes valores:
[INFO] 04:06:58:240 Memoria/(11281:12927): gghg
[ERROR] 04:06:58:241 Memoria/(11281:12927): 
el cliente se desconecto. Terminando servidor
[INFO] 04:07:26:009 Memoria/(11281:12955): Se conecto un cliente!
[INFO] 04:07:26:009 Memoria/(11281:12955): se conecto la cpu
[INFO] 04:07:27:278 Memoria/(11281:12955): Me llegaron los siguientes valores:
[INFO] 04:07:27:278 Memoria/(11281:12955): ghgh
[ERROR] 04:07:27:279 Memoria/(11281:12955): 
el cliente se desconecto. Terminando servidor
[INFO] 04:07:55:795 Memoria/(11281:12993): Se conecto un cliente!
[INFO] 04:07:55:795 Memoria/(11281:12993): se conecto la cpu
[INFO] 04:07:57:099 Memoria/(11281:12993): Me llegaron los siguientes valores:
[INFO] 04:07:57:099 Memoria/(11281:12993): gghgh
[ERROR] 04:07:57:100 Memoria/(11281:12993): 
el cliente se desconecto. Terminando servidor
[INFO] 04:08:37:132 Memoria/(11281:13027): Se conecto un cliente!
[INFO] 04:08:37:132 Memoria/(11281:13027): se conecto la cpu
[INFO] 04:08:38:855 Memoria/(11281:13027): Me llegaron los siguientes valores:
[INFO] 04:08:38:855 Memoria/(11281:13027): hjhj
[ERROR] 04:08:38:855 Memoria/(11281:13027): 
el cliente se desconecto. Terminando servidor
[INFO] 04:11:27:324 Memoria/(11281:13085): Se conecto un cliente!
[INFO] 04:11:27:324 Memoria/(11281:13085): se conecto la cpu
[INFO] 04:11:28:491 Memoria/(11281:13085): Me llegaron los siguientes valores:
[INFO] 04:11:28:491 Memoria/(11281:13085): ghgh
[ERROR] 04:11:28:491 Memoria/(11281:13085): 
el cliente se desconecto. Terminando servidor
[INFO] 04:20:23:452 Memoria/(11281:13203): Se conecto un cliente!
[INFO] 04:20:23:454 Memoria/(11281:13203): se conecto la cpu
[INFO] 04:20:24:977 Memoria/(11281:13203): Me llegaron los siguientes valores:
[INFO] 04:20:24:977 Memoria/(11281:13203): hjhjh
[ERROR] 04:20:24:978 Memoria/(11281:13203): 
el cliente se desconecto. Terminando servidor
[INFO] 04:22:15:618 Memoria/(11281:13419): Se conecto un cliente!
[INFO] 04:22:15:618 Memoria/(11281:13419): se conecto la cpu
[INFO] 04:22:16:857 Memoria/(11281:13419): Me llegaron los siguientes valores:
[INFO] 04:22:16:857 Memoria/(11281:13419): jkjk
[ERROR] 04:22:16:858 Memoria/(11281:13419): 
el cliente se desconecto. Terminando servidor
[INFO] 04:28:12:142 Memoria/(11281:13527): Se conecto un cliente!
[INFO] 04:28:12:142 Memoria/(11281:13527): se conecto la cpu
[INFO] 04:28:12:997 Memoria/(11281:13527): Me llegaron los siguientes valores:
[INFO] 04:28:12:997 Memoria/(11281:13527): ASDASD
[ERROR] 04:28:12:997 Memoria/(11281:13527): 
el cliente se desconecto. Terminando servidor
[INFO] 04:30:20:076 Memoria/(11281:13792): Se conecto un cliente!
[INFO] 04:30:20:076 Memoria/(11281:13792): se conecto la cpu
[INFO] 04:30:21:272 Memoria/(11281:13792): Me llegaron los siguientes valores:
[INFO] 04:30:21:272 Memoria/(11281:13792): hjhj
[ERROR] 04:30:21:272 Memoria/(11281:13792): 
el cliente se desconecto. Terminando servidor
[INFO] 04:33:09:123 Memoria/(11281:13866): Se conecto un cliente!
[INFO] 04:33:09:124 Memoria/(11281:13866): se conecto la cpu
[INFO] 04:33:10:456 Memoria/(11281:13866): Me llegaron los siguientes valores:
[INFO] 04:33:10:456 Memoria/(11281:13866): jhjj
[ERROR] 04:33:10:456 Memoria/(11281:13866): 
el cliente se desconecto. Terminando servidor
[INFO] 04:47:43:707 Memoria/(11281:13969): Se conecto un cliente!
[INFO] 04:47:43:707 Memoria/(11281:13969): se conecto la cpu
[INFO] 04:47:44:732 Memoria/(11281:13969): Me llegaron los siguientes valores:
[INFO] 04:47:44:732 Memoria/(11281:13969): sad
[ERROR] 04:47:44:732 Memoria/(11281:13969): 
el cliente se desconecto. Terminando servidor
[INFO] 04:56:20:388 Memoria/(11281:14527): Se conecto un cliente!
[INFO] 04:56:20:388 Memoria/(11281:14527): se conecto la cpu
[INFO] 04:56:21:959 Memoria/(11281:14527): Me llegaron los siguientes valores:
[INFO] 04:56:21:959 Memoria/(11281:14527): hola
[ERROR] 04:56:21:959 Memoria/(11281:14527): 
el cliente se desconecto. Terminando servidor
